INFO Timer-0 org.springframework.web.context.ContextLoader -Root WebApplicationContext: initialization started
INFO Timer-0 org.springframework.web.context.support.XmlWebApplicationContext -Refreshing Root WebApplicationContext: startup date [Thu Jun 22 11:27:25 CST 2017]; root of context hierarchy
INFO Timer-0 org.springframework.beans.factory.xml.XmlBeanDefinitionReader -Loading XML bean definitions from file [/Users/fei/Documents/IDEAWorkspace/J2EE/BackendTemplate/target/classes/applicationContext.xml]
INFO Timer-0 org.springframework.beans.factory.config.PropertyPlaceholderConfigurer -Loading properties file from class path resource [config.properties]
INFO Timer-0 org.springframework.beans.factory.annotation.AutowiredAnnotationBeanPostProcessor -JSR-330 'javax.inject.Inject' annotation found and supported for autowiring
INFO Timer-0 org.springframework.jdbc.datasource.DriverManagerDataSource -Loaded JDBC driver: com.mysql.jdbc.Driver
INFO Timer-0 org.hibernate.annotations.common.Version -Hibernate Commons Annotations 3.2.0.Final
INFO Timer-0 org.hibernate.cfg.Environment -Hibernate 3.6.0.Final
INFO Timer-0 org.hibernate.cfg.Environment -hibernate.properties not found
INFO Timer-0 org.hibernate.cfg.Environment -Bytecode provider name : javassist
INFO Timer-0 org.hibernate.cfg.Environment -using JDK 1.4 java.sql.Timestamp handling
INFO Timer-0 org.hibernate.cfg.Configuration -Hibernate Validator not found: ignoring
INFO Timer-0 org.springframework.orm.hibernate3.annotation.AnnotationSessionFactoryBean -Building new Hibernate SessionFactory
INFO Timer-0 org.hibernate.cfg.search.HibernateSearchEventListenerRegister -Unable to find org.hibernate.search.event.FullTextIndexEventListener on the classpath. Hibernate Search is not enabled.
INFO Timer-0 org.hibernate.connection.ConnectionProviderFactory -Initializing connection provider: org.springframework.orm.hibernate3.LocalDataSourceConnectionProvider
INFO Timer-0 org.hibernate.cfg.SettingsFactory -Database ->
       name : MySQL
    version : 5.7.18
      major : 5
      minor : 7
INFO Timer-0 org.hibernate.cfg.SettingsFactory -Driver ->
       name : MySQL Connector Java
    version : mysql-connector-java-5.1.40 ( Revision: 402933ef52cad9aa82624e80acbea46e3a701ce6 )
      major : 5
      minor : 1
INFO Timer-0 org.hibernate.dialect.Dialect -Using dialect: org.hibernate.dialect.MySQLDialect
INFO Timer-0 org.hibernate.transaction.TransactionFactoryFactory -Transaction strategy: org.springframework.orm.hibernate3.SpringTransactionFactory
INFO Timer-0 org.hibernate.transaction.TransactionManagerLookupFactory -No TransactionManagerLookup configured (in JTA environment, use of read-write or transactional second-level cache is not recommended)
INFO Timer-0 org.hibernate.cfg.SettingsFactory -Automatic flush during beforeCompletion(): disabled
INFO Timer-0 org.hibernate.cfg.SettingsFactory -Automatic session close at end of transaction: disabled
INFO Timer-0 org.hibernate.cfg.SettingsFactory -JDBC batch size: 15
INFO Timer-0 org.hibernate.cfg.SettingsFactory -JDBC batch updates for versioned data: disabled
INFO Timer-0 org.hibernate.cfg.SettingsFactory -Scrollable result sets: enabled
INFO Timer-0 org.hibernate.cfg.SettingsFactory -JDBC3 getGeneratedKeys(): enabled
INFO Timer-0 org.hibernate.cfg.SettingsFactory -Connection release mode: auto
INFO Timer-0 org.hibernate.cfg.SettingsFactory -Maximum outer join fetch depth: 2
INFO Timer-0 org.hibernate.cfg.SettingsFactory -Default batch fetch size: 1
INFO Timer-0 org.hibernate.cfg.SettingsFactory -Generate SQL with comments: disabled
INFO Timer-0 org.hibernate.cfg.SettingsFactory -Order SQL updates by primary key: disabled
INFO Timer-0 org.hibernate.cfg.SettingsFactory -Order SQL inserts for batching: disabled
INFO Timer-0 org.hibernate.cfg.SettingsFactory -Query translator: org.hibernate.hql.ast.ASTQueryTranslatorFactory
INFO Timer-0 org.hibernate.hql.ast.ASTQueryTranslatorFactory -Using ASTQueryTranslatorFactory
INFO Timer-0 org.hibernate.cfg.SettingsFactory -Query language substitutions: {}
INFO Timer-0 org.hibernate.cfg.SettingsFactory -JPA-QL strict compliance: disabled
INFO Timer-0 org.hibernate.cfg.SettingsFactory -Second-level cache: enabled
INFO Timer-0 org.hibernate.cfg.SettingsFactory -Query cache: disabled
INFO Timer-0 org.hibernate.cfg.SettingsFactory -Cache region factory : org.hibernate.cache.impl.NoCachingRegionFactory
INFO Timer-0 org.hibernate.cfg.SettingsFactory -Optimize cache for minimal puts: disabled
INFO Timer-0 org.hibernate.cfg.SettingsFactory -Structured second-level cache entries: disabled
INFO Timer-0 org.hibernate.cfg.SettingsFactory -Echoing all SQL to stdout
INFO Timer-0 org.hibernate.cfg.SettingsFactory -Statistics: disabled
INFO Timer-0 org.hibernate.cfg.SettingsFactory -Deleted entity synthetic identifier rollback: disabled
INFO Timer-0 org.hibernate.cfg.SettingsFactory -Default entity-mode: pojo
INFO Timer-0 org.hibernate.cfg.SettingsFactory -Named query checking : enabled
INFO Timer-0 org.hibernate.cfg.SettingsFactory -Check Nullability in Core (should be disabled when Bean Validation is on): enabled
INFO Timer-0 org.hibernate.impl.SessionFactoryImpl -building session factory
INFO Timer-0 org.hibernate.impl.SessionFactoryObjectFactory -Not binding factory to JNDI, no JNDI name configured
INFO Timer-0 org.springframework.orm.hibernate3.HibernateTransactionManager -Using DataSource [org.springframework.jdbc.datasource.DriverManagerDataSource@27734418] of Hibernate SessionFactory for HibernateTransactionManager
INFO Timer-0 org.springframework.ui.freemarker.SpringTemplateLoader -SpringTemplateLoader for FreeMarker: using resource loader [Root WebApplicationContext: startup date [Thu Jun 22 11:27:25 CST 2017]; root of context hierarchy] and template loader path [/src/main/webapp/jsp/]
INFO Timer-0 org.springframework.web.servlet.view.freemarker.FreeMarkerConfigurer -ClassTemplateLoader for Spring macros added to FreeMarker configuration
INFO Timer-0 org.springframework.web.context.ContextLoader -Root WebApplicationContext: initialization completed in 1131 ms
INFO Timer-0 org.springframework.web.servlet.DispatcherServlet -FrameworkServlet 'dispatcher': initialization started
INFO Timer-0 org.springframework.web.context.support.XmlWebApplicationContext -Refreshing WebApplicationContext for namespace 'dispatcher-servlet': startup date [Thu Jun 22 11:27:26 CST 2017]; parent: Root WebApplicationContext
INFO Timer-0 org.springframework.beans.factory.xml.XmlBeanDefinitionReader -Loading XML bean definitions from class path resource [spring-servlet.xml]
INFO Timer-0 org.springframework.beans.factory.annotation.AutowiredAnnotationBeanPostProcessor -JSR-330 'javax.inject.Inject' annotation found and supported for autowiring
INFO Timer-0 org.springframework.web.servlet.view.freemarker.FreeMarkerConfigurer -ClassTemplateLoader for Spring macros added to FreeMarker configuration
INFO Timer-0 org.springframework.web.servlet.mvc.annotation.DefaultAnnotationHandlerMapping -Mapped URL path [/index] onto handler 'BTController'
INFO Timer-0 org.springframework.web.servlet.mvc.annotation.DefaultAnnotationHandlerMapping -Mapped URL path [/index.*] onto handler 'BTController'
INFO Timer-0 org.springframework.web.servlet.mvc.annotation.DefaultAnnotationHandlerMapping -Mapped URL path [/index/] onto handler 'BTController'
INFO Timer-0 org.springframework.web.servlet.DispatcherServlet -FrameworkServlet 'dispatcher': initialization completed in 317 ms
INFO Timer-0 org.springframework.web.context.support.XmlWebApplicationContext -Closing WebApplicationContext for namespace 'dispatcher-servlet': startup date [Thu Jun 22 11:27:26 CST 2017]; parent: Root WebApplicationContext
INFO Timer-0 org.springframework.web.context.support.XmlWebApplicationContext -Closing Root WebApplicationContext: startup date [Thu Jun 22 11:27:25 CST 2017]; root of context hierarchy
INFO Timer-0 org.springframework.orm.hibernate3.annotation.AnnotationSessionFactoryBean -Closing Hibernate SessionFactory
INFO Timer-0 org.hibernate.impl.SessionFactoryImpl -closing
INFO Timer-0 org.springframework.web.context.ContextLoader -Root WebApplicationContext: initialization started
INFO Timer-0 org.springframework.web.context.support.XmlWebApplicationContext -Refreshing Root WebApplicationContext: startup date [Thu Jun 22 11:29:25 CST 2017]; root of context hierarchy
INFO Timer-0 org.springframework.beans.factory.xml.XmlBeanDefinitionReader -Loading XML bean definitions from file [/Users/fei/Documents/IDEAWorkspace/J2EE/BackendTemplate/target/classes/applicationContext.xml]
INFO Timer-0 org.springframework.beans.factory.config.PropertyPlaceholderConfigurer -Loading properties file from class path resource [config.properties]
INFO Timer-0 org.springframework.beans.factory.annotation.AutowiredAnnotationBeanPostProcessor -JSR-330 'javax.inject.Inject' annotation found and supported for autowiring
INFO Timer-0 org.springframework.jdbc.datasource.DriverManagerDataSource -Loaded JDBC driver: com.mysql.jdbc.Driver
INFO Timer-0 org.hibernate.annotations.common.Version -Hibernate Commons Annotations 3.2.0.Final
INFO Timer-0 org.hibernate.cfg.Environment -Hibernate 3.6.0.Final
INFO Timer-0 org.hibernate.cfg.Environment -hibernate.properties not found
INFO Timer-0 org.hibernate.cfg.Environment -Bytecode provider name : javassist
INFO Timer-0 org.hibernate.cfg.Environment -using JDK 1.4 java.sql.Timestamp handling
INFO Timer-0 org.hibernate.cfg.Configuration -Hibernate Validator not found: ignoring
INFO Timer-0 org.springframework.orm.hibernate3.annotation.AnnotationSessionFactoryBean -Building new Hibernate SessionFactory
INFO Timer-0 org.hibernate.cfg.search.HibernateSearchEventListenerRegister -Unable to find org.hibernate.search.event.FullTextIndexEventListener on the classpath. Hibernate Search is not enabled.
INFO Timer-0 org.hibernate.connection.ConnectionProviderFactory -Initializing connection provider: org.springframework.orm.hibernate3.LocalDataSourceConnectionProvider
INFO Timer-0 org.hibernate.cfg.SettingsFactory -Database ->
       name : MySQL
    version : 5.7.18
      major : 5
      minor : 7
INFO Timer-0 org.hibernate.cfg.SettingsFactory -Driver ->
       name : MySQL Connector Java
    version : mysql-connector-java-5.1.40 ( Revision: 402933ef52cad9aa82624e80acbea46e3a701ce6 )
      major : 5
      minor : 1
INFO Timer-0 org.hibernate.dialect.Dialect -Using dialect: org.hibernate.dialect.MySQLDialect
INFO Timer-0 org.hibernate.transaction.TransactionFactoryFactory -Transaction strategy: org.springframework.orm.hibernate3.SpringTransactionFactory
INFO Timer-0 org.hibernate.transaction.TransactionManagerLookupFactory -No TransactionManagerLookup configured (in JTA environment, use of read-write or transactional second-level cache is not recommended)
INFO Timer-0 org.hibernate.cfg.SettingsFactory -Automatic flush during beforeCompletion(): disabled
INFO Timer-0 org.hibernate.cfg.SettingsFactory -Automatic session close at end of transaction: disabled
INFO Timer-0 org.hibernate.cfg.SettingsFactory -JDBC batch size: 15
INFO Timer-0 org.hibernate.cfg.SettingsFactory -JDBC batch updates for versioned data: disabled
INFO Timer-0 org.hibernate.cfg.SettingsFactory -Scrollable result sets: enabled
INFO Timer-0 org.hibernate.cfg.SettingsFactory -JDBC3 getGeneratedKeys(): enabled
INFO Timer-0 org.hibernate.cfg.SettingsFactory -Connection release mode: auto
INFO Timer-0 org.hibernate.cfg.SettingsFactory -Maximum outer join fetch depth: 2
INFO Timer-0 org.hibernate.cfg.SettingsFactory -Default batch fetch size: 1
INFO Timer-0 org.hibernate.cfg.SettingsFactory -Generate SQL with comments: disabled
INFO Timer-0 org.hibernate.cfg.SettingsFactory -Order SQL updates by primary key: disabled
INFO Timer-0 org.hibernate.cfg.SettingsFactory -Order SQL inserts for batching: disabled
INFO Timer-0 org.hibernate.cfg.SettingsFactory -Query translator: org.hibernate.hql.ast.ASTQueryTranslatorFactory
INFO Timer-0 org.hibernate.hql.ast.ASTQueryTranslatorFactory -Using ASTQueryTranslatorFactory
INFO Timer-0 org.hibernate.cfg.SettingsFactory -Query language substitutions: {}
INFO Timer-0 org.hibernate.cfg.SettingsFactory -JPA-QL strict compliance: disabled
INFO Timer-0 org.hibernate.cfg.SettingsFactory -Second-level cache: enabled
INFO Timer-0 org.hibernate.cfg.SettingsFactory -Query cache: disabled
INFO Timer-0 org.hibernate.cfg.SettingsFactory -Cache region factory : org.hibernate.cache.impl.NoCachingRegionFactory
INFO Timer-0 org.hibernate.cfg.SettingsFactory -Optimize cache for minimal puts: disabled
INFO Timer-0 org.hibernate.cfg.SettingsFactory -Structured second-level cache entries: disabled
INFO Timer-0 org.hibernate.cfg.SettingsFactory -Echoing all SQL to stdout
INFO Timer-0 org.hibernate.cfg.SettingsFactory -Statistics: disabled
INFO Timer-0 org.hibernate.cfg.SettingsFactory -Deleted entity synthetic identifier rollback: disabled
INFO Timer-0 org.hibernate.cfg.SettingsFactory -Default entity-mode: pojo
INFO Timer-0 org.hibernate.cfg.SettingsFactory -Named query checking : enabled
INFO Timer-0 org.hibernate.cfg.SettingsFactory -Check Nullability in Core (should be disabled when Bean Validation is on): enabled
INFO Timer-0 org.hibernate.impl.SessionFactoryImpl -building session factory
INFO Timer-0 org.hibernate.impl.SessionFactoryObjectFactory -Not binding factory to JNDI, no JNDI name configured
INFO Timer-0 org.springframework.orm.hibernate3.HibernateTransactionManager -Using DataSource [org.springframework.jdbc.datasource.DriverManagerDataSource@447a2eb] of Hibernate SessionFactory for HibernateTransactionManager
INFO Timer-0 org.springframework.ui.freemarker.SpringTemplateLoader -SpringTemplateLoader for FreeMarker: using resource loader [Root WebApplicationContext: startup date [Thu Jun 22 11:29:25 CST 2017]; root of context hierarchy] and template loader path [/src/main/webapp/jsp/]
INFO Timer-0 org.springframework.web.servlet.view.freemarker.FreeMarkerConfigurer -ClassTemplateLoader for Spring macros added to FreeMarker configuration
INFO Timer-0 org.springframework.web.context.ContextLoader -Root WebApplicationContext: initialization completed in 946 ms
INFO Timer-0 org.springframework.web.servlet.DispatcherServlet -FrameworkServlet 'dispatcher': initialization started
INFO Timer-0 org.springframework.web.context.support.XmlWebApplicationContext -Refreshing WebApplicationContext for namespace 'dispatcher-servlet': startup date [Thu Jun 22 11:29:26 CST 2017]; parent: Root WebApplicationContext
INFO Timer-0 org.springframework.beans.factory.xml.XmlBeanDefinitionReader -Loading XML bean definitions from class path resource [spring-servlet.xml]
INFO Timer-0 org.springframework.beans.factory.annotation.AutowiredAnnotationBeanPostProcessor -JSR-330 'javax.inject.Inject' annotation found and supported for autowiring
INFO Timer-0 org.springframework.web.servlet.view.freemarker.FreeMarkerConfigurer -ClassTemplateLoader for Spring macros added to FreeMarker configuration
INFO Timer-0 org.springframework.web.servlet.mvc.annotation.DefaultAnnotationHandlerMapping -Mapped URL path [/index] onto handler 'BTController'
INFO Timer-0 org.springframework.web.servlet.mvc.annotation.DefaultAnnotationHandlerMapping -Mapped URL path [/index.*] onto handler 'BTController'
INFO Timer-0 org.springframework.web.servlet.mvc.annotation.DefaultAnnotationHandlerMapping -Mapped URL path [/index/] onto handler 'BTController'
INFO Timer-0 org.springframework.web.servlet.DispatcherServlet -FrameworkServlet 'dispatcher': initialization completed in 240 ms
INFO Timer-0 org.springframework.web.context.support.XmlWebApplicationContext -Closing WebApplicationContext for namespace 'dispatcher-servlet': startup date [Thu Jun 22 11:29:26 CST 2017]; parent: Root WebApplicationContext
INFO Timer-0 org.springframework.web.context.support.XmlWebApplicationContext -Closing Root WebApplicationContext: startup date [Thu Jun 22 11:29:25 CST 2017]; root of context hierarchy
INFO Timer-0 org.springframework.orm.hibernate3.annotation.AnnotationSessionFactoryBean -Closing Hibernate SessionFactory
INFO Timer-0 org.hibernate.impl.SessionFactoryImpl -closing
INFO Timer-0 org.springframework.web.context.ContextLoader -Root WebApplicationContext: initialization started
INFO Timer-0 org.springframework.web.context.support.XmlWebApplicationContext -Refreshing Root WebApplicationContext: startup date [Thu Jun 22 11:29:35 CST 2017]; root of context hierarchy
INFO Timer-0 org.springframework.beans.factory.xml.XmlBeanDefinitionReader -Loading XML bean definitions from file [/Users/fei/Documents/IDEAWorkspace/J2EE/BackendTemplate/target/classes/applicationContext.xml]
INFO Timer-0 org.springframework.beans.factory.config.PropertyPlaceholderConfigurer -Loading properties file from class path resource [config.properties]
INFO Timer-0 org.springframework.beans.factory.annotation.AutowiredAnnotationBeanPostProcessor -JSR-330 'javax.inject.Inject' annotation found and supported for autowiring
INFO Timer-0 org.springframework.jdbc.datasource.DriverManagerDataSource -Loaded JDBC driver: com.mysql.jdbc.Driver
INFO Timer-0 org.hibernate.annotations.common.Version -Hibernate Commons Annotations 3.2.0.Final
INFO Timer-0 org.hibernate.cfg.Environment -Hibernate 3.6.0.Final
INFO Timer-0 org.hibernate.cfg.Environment -hibernate.properties not found
INFO Timer-0 org.hibernate.cfg.Environment -Bytecode provider name : javassist
INFO Timer-0 org.hibernate.cfg.Environment -using JDK 1.4 java.sql.Timestamp handling
INFO Timer-0 org.hibernate.cfg.Configuration -Hibernate Validator not found: ignoring
INFO Timer-0 org.springframework.orm.hibernate3.annotation.AnnotationSessionFactoryBean -Building new Hibernate SessionFactory
INFO Timer-0 org.hibernate.cfg.search.HibernateSearchEventListenerRegister -Unable to find org.hibernate.search.event.FullTextIndexEventListener on the classpath. Hibernate Search is not enabled.
INFO Timer-0 org.hibernate.connection.ConnectionProviderFactory -Initializing connection provider: org.springframework.orm.hibernate3.LocalDataSourceConnectionProvider
INFO Timer-0 org.hibernate.cfg.SettingsFactory -Database ->
       name : MySQL
    version : 5.7.18
      major : 5
      minor : 7
INFO Timer-0 org.hibernate.cfg.SettingsFactory -Driver ->
       name : MySQL Connector Java
    version : mysql-connector-java-5.1.40 ( Revision: 402933ef52cad9aa82624e80acbea46e3a701ce6 )
      major : 5
      minor : 1
INFO Timer-0 org.hibernate.dialect.Dialect -Using dialect: org.hibernate.dialect.MySQLDialect
INFO Timer-0 org.hibernate.transaction.TransactionFactoryFactory -Transaction strategy: org.springframework.orm.hibernate3.SpringTransactionFactory
INFO Timer-0 org.hibernate.transaction.TransactionManagerLookupFactory -No TransactionManagerLookup configured (in JTA environment, use of read-write or transactional second-level cache is not recommended)
INFO Timer-0 org.hibernate.cfg.SettingsFactory -Automatic flush during beforeCompletion(): disabled
INFO Timer-0 org.hibernate.cfg.SettingsFactory -Automatic session close at end of transaction: disabled
INFO Timer-0 org.hibernate.cfg.SettingsFactory -JDBC batch size: 15
INFO Timer-0 org.hibernate.cfg.SettingsFactory -JDBC batch updates for versioned data: disabled
INFO Timer-0 org.hibernate.cfg.SettingsFactory -Scrollable result sets: enabled
INFO Timer-0 org.hibernate.cfg.SettingsFactory -JDBC3 getGeneratedKeys(): enabled
INFO Timer-0 org.hibernate.cfg.SettingsFactory -Connection release mode: auto
INFO Timer-0 org.hibernate.cfg.SettingsFactory -Maximum outer join fetch depth: 2
INFO Timer-0 org.hibernate.cfg.SettingsFactory -Default batch fetch size: 1
INFO Timer-0 org.hibernate.cfg.SettingsFactory -Generate SQL with comments: disabled
INFO Timer-0 org.hibernate.cfg.SettingsFactory -Order SQL updates by primary key: disabled
INFO Timer-0 org.hibernate.cfg.SettingsFactory -Order SQL inserts for batching: disabled
INFO Timer-0 org.hibernate.cfg.SettingsFactory -Query translator: org.hibernate.hql.ast.ASTQueryTranslatorFactory
INFO Timer-0 org.hibernate.hql.ast.ASTQueryTranslatorFactory -Using ASTQueryTranslatorFactory
INFO Timer-0 org.hibernate.cfg.SettingsFactory -Query language substitutions: {}
INFO Timer-0 org.hibernate.cfg.SettingsFactory -JPA-QL strict compliance: disabled
INFO Timer-0 org.hibernate.cfg.SettingsFactory -Second-level cache: enabled
INFO Timer-0 org.hibernate.cfg.SettingsFactory -Query cache: disabled
INFO Timer-0 org.hibernate.cfg.SettingsFactory -Cache region factory : org.hibernate.cache.impl.NoCachingRegionFactory
INFO Timer-0 org.hibernate.cfg.SettingsFactory -Optimize cache for minimal puts: disabled
INFO Timer-0 org.hibernate.cfg.SettingsFactory -Structured second-level cache entries: disabled
INFO Timer-0 org.hibernate.cfg.SettingsFactory -Echoing all SQL to stdout
INFO Timer-0 org.hibernate.cfg.SettingsFactory -Statistics: disabled
INFO Timer-0 org.hibernate.cfg.SettingsFactory -Deleted entity synthetic identifier rollback: disabled
INFO Timer-0 org.hibernate.cfg.SettingsFactory -Default entity-mode: pojo
INFO Timer-0 org.hibernate.cfg.SettingsFactory -Named query checking : enabled
INFO Timer-0 org.hibernate.cfg.SettingsFactory -Check Nullability in Core (should be disabled when Bean Validation is on): enabled
INFO Timer-0 org.hibernate.impl.SessionFactoryImpl -building session factory
INFO Timer-0 org.hibernate.impl.SessionFactoryObjectFactory -Not binding factory to JNDI, no JNDI name configured
INFO Timer-0 org.springframework.orm.hibernate3.HibernateTransactionManager -Using DataSource [org.springframework.jdbc.datasource.DriverManagerDataSource@2d91da99] of Hibernate SessionFactory for HibernateTransactionManager
INFO Timer-0 org.springframework.ui.freemarker.SpringTemplateLoader -SpringTemplateLoader for FreeMarker: using resource loader [Root WebApplicationContext: startup date [Thu Jun 22 11:29:35 CST 2017]; root of context hierarchy] and template loader path [/src/main/webapp/jsp/]
INFO Timer-0 org.springframework.web.servlet.view.freemarker.FreeMarkerConfigurer -ClassTemplateLoader for Spring macros added to FreeMarker configuration
INFO Timer-0 org.springframework.web.context.ContextLoader -Root WebApplicationContext: initialization completed in 718 ms
INFO Timer-0 org.springframework.web.servlet.DispatcherServlet -FrameworkServlet 'dispatcher': initialization started
INFO Timer-0 org.springframework.web.context.support.XmlWebApplicationContext -Refreshing WebApplicationContext for namespace 'dispatcher-servlet': startup date [Thu Jun 22 11:29:36 CST 2017]; parent: Root WebApplicationContext
INFO Timer-0 org.springframework.beans.factory.xml.XmlBeanDefinitionReader -Loading XML bean definitions from class path resource [spring-servlet.xml]
INFO Timer-0 org.springframework.beans.factory.annotation.AutowiredAnnotationBeanPostProcessor -JSR-330 'javax.inject.Inject' annotation found and supported for autowiring
INFO Timer-0 org.springframework.web.servlet.view.freemarker.FreeMarkerConfigurer -ClassTemplateLoader for Spring macros added to FreeMarker configuration
INFO Timer-0 org.springframework.web.servlet.mvc.annotation.DefaultAnnotationHandlerMapping -Mapped URL path [/index] onto handler 'BTController'
INFO Timer-0 org.springframework.web.servlet.mvc.annotation.DefaultAnnotationHandlerMapping -Mapped URL path [/index.*] onto handler 'BTController'
INFO Timer-0 org.springframework.web.servlet.mvc.annotation.DefaultAnnotationHandlerMapping -Mapped URL path [/index/] onto handler 'BTController'
INFO Timer-0 org.springframework.web.servlet.DispatcherServlet -FrameworkServlet 'dispatcher': initialization completed in 253 ms
INFO main org.springframework.web.context.ContextLoader -Root WebApplicationContext: initialization started
INFO main org.springframework.web.context.support.XmlWebApplicationContext -Refreshing Root WebApplicationContext: startup date [Thu Jun 22 11:38:53 CST 2017]; root of context hierarchy
INFO main org.springframework.beans.factory.xml.XmlBeanDefinitionReader -Loading XML bean definitions from file [/Users/fei/Documents/IDEAWorkspace/J2EE/BackendTemplate/target/classes/applicationContext.xml]
INFO main org.springframework.beans.factory.config.PropertyPlaceholderConfigurer -Loading properties file from class path resource [config.properties]
INFO main org.springframework.beans.factory.annotation.AutowiredAnnotationBeanPostProcessor -JSR-330 'javax.inject.Inject' annotation found and supported for autowiring
INFO main org.springframework.jdbc.datasource.DriverManagerDataSource -Loaded JDBC driver: com.mysql.jdbc.Driver
INFO main org.hibernate.annotations.common.Version -Hibernate Commons Annotations 3.2.0.Final
INFO main org.hibernate.cfg.Environment -Hibernate 3.6.0.Final
INFO main org.hibernate.cfg.Environment -hibernate.properties not found
INFO main org.hibernate.cfg.Environment -Bytecode provider name : javassist
INFO main org.hibernate.cfg.Environment -using JDK 1.4 java.sql.Timestamp handling
INFO main org.hibernate.cfg.Configuration -Hibernate Validator not found: ignoring
INFO main org.springframework.orm.hibernate3.annotation.AnnotationSessionFactoryBean -Building new Hibernate SessionFactory
INFO main org.hibernate.cfg.search.HibernateSearchEventListenerRegister -Unable to find org.hibernate.search.event.FullTextIndexEventListener on the classpath. Hibernate Search is not enabled.
INFO main org.hibernate.connection.ConnectionProviderFactory -Initializing connection provider: org.springframework.orm.hibernate3.LocalDataSourceConnectionProvider
INFO main org.hibernate.cfg.SettingsFactory -Database ->
       name : MySQL
    version : 5.7.18
      major : 5
      minor : 7
INFO main org.hibernate.cfg.SettingsFactory -Driver ->
       name : MySQL Connector Java
    version : mysql-connector-java-5.1.40 ( Revision: 402933ef52cad9aa82624e80acbea46e3a701ce6 )
      major : 5
      minor : 1
INFO main org.hibernate.dialect.Dialect -Using dialect: org.hibernate.dialect.MySQLDialect
INFO main org.hibernate.transaction.TransactionFactoryFactory -Transaction strategy: org.springframework.orm.hibernate3.SpringTransactionFactory
INFO main org.hibernate.transaction.TransactionManagerLookupFactory -No TransactionManagerLookup configured (in JTA environment, use of read-write or transactional second-level cache is not recommended)
INFO main org.hibernate.cfg.SettingsFactory -Automatic flush during beforeCompletion(): disabled
INFO main org.hibernate.cfg.SettingsFactory -Automatic session close at end of transaction: disabled
INFO main org.hibernate.cfg.SettingsFactory -JDBC batch size: 15
INFO main org.hibernate.cfg.SettingsFactory -JDBC batch updates for versioned data: disabled
INFO main org.hibernate.cfg.SettingsFactory -Scrollable result sets: enabled
INFO main org.hibernate.cfg.SettingsFactory -JDBC3 getGeneratedKeys(): enabled
INFO main org.hibernate.cfg.SettingsFactory -Connection release mode: auto
INFO main org.hibernate.cfg.SettingsFactory -Maximum outer join fetch depth: 2
INFO main org.hibernate.cfg.SettingsFactory -Default batch fetch size: 1
INFO main org.hibernate.cfg.SettingsFactory -Generate SQL with comments: disabled
INFO main org.hibernate.cfg.SettingsFactory -Order SQL updates by primary key: disabled
INFO main org.hibernate.cfg.SettingsFactory -Order SQL inserts for batching: disabled
INFO main org.hibernate.cfg.SettingsFactory -Query translator: org.hibernate.hql.ast.ASTQueryTranslatorFactory
INFO main org.hibernate.hql.ast.ASTQueryTranslatorFactory -Using ASTQueryTranslatorFactory
INFO main org.hibernate.cfg.SettingsFactory -Query language substitutions: {}
INFO main org.hibernate.cfg.SettingsFactory -JPA-QL strict compliance: disabled
INFO main org.hibernate.cfg.SettingsFactory -Second-level cache: enabled
INFO main org.hibernate.cfg.SettingsFactory -Query cache: disabled
INFO main org.hibernate.cfg.SettingsFactory -Cache region factory : org.hibernate.cache.impl.NoCachingRegionFactory
INFO main org.hibernate.cfg.SettingsFactory -Optimize cache for minimal puts: disabled
INFO main org.hibernate.cfg.SettingsFactory -Structured second-level cache entries: disabled
INFO main org.hibernate.cfg.SettingsFactory -Echoing all SQL to stdout
INFO main org.hibernate.cfg.SettingsFactory -Statistics: disabled
INFO main org.hibernate.cfg.SettingsFactory -Deleted entity synthetic identifier rollback: disabled
INFO main org.hibernate.cfg.SettingsFactory -Default entity-mode: pojo
INFO main org.hibernate.cfg.SettingsFactory -Named query checking : enabled
INFO main org.hibernate.cfg.SettingsFactory -Check Nullability in Core (should be disabled when Bean Validation is on): enabled
INFO main org.hibernate.impl.SessionFactoryImpl -building session factory
INFO main org.hibernate.impl.SessionFactoryObjectFactory -Not binding factory to JNDI, no JNDI name configured
INFO main org.springframework.orm.hibernate3.HibernateTransactionManager -Using DataSource [org.springframework.jdbc.datasource.DriverManagerDataSource@1e692555] of Hibernate SessionFactory for HibernateTransactionManager
INFO main org.springframework.ui.freemarker.SpringTemplateLoader -SpringTemplateLoader for FreeMarker: using resource loader [Root WebApplicationContext: startup date [Thu Jun 22 11:38:53 CST 2017]; root of context hierarchy] and template loader path [/src/main/webapp/jsp/]
INFO main org.springframework.web.servlet.view.freemarker.FreeMarkerConfigurer -ClassTemplateLoader for Spring macros added to FreeMarker configuration
INFO main org.springframework.web.context.ContextLoader -Root WebApplicationContext: initialization completed in 993 ms
INFO main org.springframework.web.servlet.DispatcherServlet -FrameworkServlet 'dispatcher': initialization started
INFO main org.springframework.web.context.support.XmlWebApplicationContext -Refreshing WebApplicationContext for namespace 'dispatcher-servlet': startup date [Thu Jun 22 11:38:54 CST 2017]; parent: Root WebApplicationContext
INFO main org.springframework.beans.factory.xml.XmlBeanDefinitionReader -Loading XML bean definitions from class path resource [spring-servlet.xml]
INFO main org.springframework.beans.factory.annotation.AutowiredAnnotationBeanPostProcessor -JSR-330 'javax.inject.Inject' annotation found and supported for autowiring
INFO main org.springframework.web.servlet.view.freemarker.FreeMarkerConfigurer -ClassTemplateLoader for Spring macros added to FreeMarker configuration
INFO main org.springframework.web.servlet.mvc.annotation.DefaultAnnotationHandlerMapping -Mapped URL path [/index] onto handler 'BTController'
INFO main org.springframework.web.servlet.mvc.annotation.DefaultAnnotationHandlerMapping -Mapped URL path [/index.*] onto handler 'BTController'
INFO main org.springframework.web.servlet.mvc.annotation.DefaultAnnotationHandlerMapping -Mapped URL path [/index/] onto handler 'BTController'
INFO main org.springframework.web.servlet.DispatcherServlet -FrameworkServlet 'dispatcher': initialization completed in 313 ms
INFO Timer-1 org.springframework.web.context.support.XmlWebApplicationContext -Closing WebApplicationContext for namespace 'dispatcher-servlet': startup date [Thu Jun 22 11:38:54 CST 2017]; parent: Root WebApplicationContext
INFO Timer-1 org.springframework.web.context.support.XmlWebApplicationContext -Closing Root WebApplicationContext: startup date [Thu Jun 22 11:38:53 CST 2017]; root of context hierarchy
INFO Timer-1 org.springframework.orm.hibernate3.annotation.AnnotationSessionFactoryBean -Closing Hibernate SessionFactory
INFO Timer-1 org.hibernate.impl.SessionFactoryImpl -closing
INFO Timer-1 org.springframework.web.context.ContextLoader -Root WebApplicationContext: initialization started
INFO Timer-1 org.springframework.web.context.support.XmlWebApplicationContext -Refreshing Root WebApplicationContext: startup date [Thu Jun 22 11:39:55 CST 2017]; root of context hierarchy
INFO Timer-1 org.springframework.beans.factory.xml.XmlBeanDefinitionReader -Loading XML bean definitions from file [/Users/fei/Documents/IDEAWorkspace/J2EE/BackendTemplate/target/classes/applicationContext.xml]
INFO Timer-1 org.springframework.beans.factory.config.PropertyPlaceholderConfigurer -Loading properties file from class path resource [config.properties]
INFO Timer-1 org.springframework.beans.factory.annotation.AutowiredAnnotationBeanPostProcessor -JSR-330 'javax.inject.Inject' annotation found and supported for autowiring
INFO Timer-1 org.springframework.jdbc.datasource.DriverManagerDataSource -Loaded JDBC driver: com.mysql.jdbc.Driver
INFO Timer-1 org.hibernate.annotations.common.Version -Hibernate Commons Annotations 3.2.0.Final
INFO Timer-1 org.hibernate.cfg.Environment -Hibernate 3.6.0.Final
INFO Timer-1 org.hibernate.cfg.Environment -hibernate.properties not found
INFO Timer-1 org.hibernate.cfg.Environment -Bytecode provider name : javassist
INFO Timer-1 org.hibernate.cfg.Environment -using JDK 1.4 java.sql.Timestamp handling
INFO Timer-1 org.hibernate.cfg.Configuration -Hibernate Validator not found: ignoring
INFO Timer-1 org.springframework.orm.hibernate3.annotation.AnnotationSessionFactoryBean -Building new Hibernate SessionFactory
INFO Timer-1 org.hibernate.cfg.search.HibernateSearchEventListenerRegister -Unable to find org.hibernate.search.event.FullTextIndexEventListener on the classpath. Hibernate Search is not enabled.
INFO Timer-1 org.hibernate.connection.ConnectionProviderFactory -Initializing connection provider: org.springframework.orm.hibernate3.LocalDataSourceConnectionProvider
INFO Timer-1 org.hibernate.cfg.SettingsFactory -Database ->
       name : MySQL
    version : 5.7.18
      major : 5
      minor : 7
INFO Timer-1 org.hibernate.cfg.SettingsFactory -Driver ->
       name : MySQL Connector Java
    version : mysql-connector-java-5.1.40 ( Revision: 402933ef52cad9aa82624e80acbea46e3a701ce6 )
      major : 5
      minor : 1
INFO Timer-1 org.hibernate.dialect.Dialect -Using dialect: org.hibernate.dialect.MySQLDialect
INFO Timer-1 org.hibernate.transaction.TransactionFactoryFactory -Transaction strategy: org.springframework.orm.hibernate3.SpringTransactionFactory
INFO Timer-1 org.hibernate.transaction.TransactionManagerLookupFactory -No TransactionManagerLookup configured (in JTA environment, use of read-write or transactional second-level cache is not recommended)
INFO Timer-1 org.hibernate.cfg.SettingsFactory -Automatic flush during beforeCompletion(): disabled
INFO Timer-1 org.hibernate.cfg.SettingsFactory -Automatic session close at end of transaction: disabled
INFO Timer-1 org.hibernate.cfg.SettingsFactory -JDBC batch size: 15
INFO Timer-1 org.hibernate.cfg.SettingsFactory -JDBC batch updates for versioned data: disabled
INFO Timer-1 org.hibernate.cfg.SettingsFactory -Scrollable result sets: enabled
INFO Timer-1 org.hibernate.cfg.SettingsFactory -JDBC3 getGeneratedKeys(): enabled
INFO Timer-1 org.hibernate.cfg.SettingsFactory -Connection release mode: auto
INFO Timer-1 org.hibernate.cfg.SettingsFactory -Maximum outer join fetch depth: 2
INFO Timer-1 org.hibernate.cfg.SettingsFactory -Default batch fetch size: 1
INFO Timer-1 org.hibernate.cfg.SettingsFactory -Generate SQL with comments: disabled
INFO Timer-1 org.hibernate.cfg.SettingsFactory -Order SQL updates by primary key: disabled
INFO Timer-1 org.hibernate.cfg.SettingsFactory -Order SQL inserts for batching: disabled
INFO Timer-1 org.hibernate.cfg.SettingsFactory -Query translator: org.hibernate.hql.ast.ASTQueryTranslatorFactory
INFO Timer-1 org.hibernate.hql.ast.ASTQueryTranslatorFactory -Using ASTQueryTranslatorFactory
INFO Timer-1 org.hibernate.cfg.SettingsFactory -Query language substitutions: {}
INFO Timer-1 org.hibernate.cfg.SettingsFactory -JPA-QL strict compliance: disabled
INFO Timer-1 org.hibernate.cfg.SettingsFactory -Second-level cache: enabled
INFO Timer-1 org.hibernate.cfg.SettingsFactory -Query cache: disabled
INFO Timer-1 org.hibernate.cfg.SettingsFactory -Cache region factory : org.hibernate.cache.impl.NoCachingRegionFactory
INFO Timer-1 org.hibernate.cfg.SettingsFactory -Optimize cache for minimal puts: disabled
INFO Timer-1 org.hibernate.cfg.SettingsFactory -Structured second-level cache entries: disabled
INFO Timer-1 org.hibernate.cfg.SettingsFactory -Echoing all SQL to stdout
INFO Timer-1 org.hibernate.cfg.SettingsFactory -Statistics: disabled
INFO Timer-1 org.hibernate.cfg.SettingsFactory -Deleted entity synthetic identifier rollback: disabled
INFO Timer-1 org.hibernate.cfg.SettingsFactory -Default entity-mode: pojo
INFO Timer-1 org.hibernate.cfg.SettingsFactory -Named query checking : enabled
INFO Timer-1 org.hibernate.cfg.SettingsFactory -Check Nullability in Core (should be disabled when Bean Validation is on): enabled
INFO Timer-1 org.hibernate.impl.SessionFactoryImpl -building session factory
INFO Timer-1 org.hibernate.impl.SessionFactoryObjectFactory -Not binding factory to JNDI, no JNDI name configured
INFO Timer-1 org.springframework.orm.hibernate3.HibernateTransactionManager -Using DataSource [org.springframework.jdbc.datasource.DriverManagerDataSource@22c89bf6] of Hibernate SessionFactory for HibernateTransactionManager
INFO Timer-1 org.springframework.ui.freemarker.SpringTemplateLoader -SpringTemplateLoader for FreeMarker: using resource loader [Root WebApplicationContext: startup date [Thu Jun 22 11:39:55 CST 2017]; root of context hierarchy] and template loader path [/src/main/webapp/jsp/]
INFO Timer-1 org.springframework.web.servlet.view.freemarker.FreeMarkerConfigurer -ClassTemplateLoader for Spring macros added to FreeMarker configuration
INFO Timer-1 org.springframework.web.context.ContextLoader -Root WebApplicationContext: initialization completed in 1241 ms
INFO Timer-1 org.springframework.web.servlet.DispatcherServlet -FrameworkServlet 'dispatcher': initialization started
INFO Timer-1 org.springframework.web.context.support.XmlWebApplicationContext -Refreshing WebApplicationContext for namespace 'dispatcher-servlet': startup date [Thu Jun 22 11:39:56 CST 2017]; parent: Root WebApplicationContext
INFO Timer-1 org.springframework.beans.factory.xml.XmlBeanDefinitionReader -Loading XML bean definitions from class path resource [spring-servlet.xml]
INFO Timer-1 org.springframework.beans.factory.annotation.AutowiredAnnotationBeanPostProcessor -JSR-330 'javax.inject.Inject' annotation found and supported for autowiring
INFO Timer-1 org.springframework.web.servlet.view.freemarker.FreeMarkerConfigurer -ClassTemplateLoader for Spring macros added to FreeMarker configuration
INFO Timer-1 org.springframework.web.servlet.mvc.annotation.DefaultAnnotationHandlerMapping -Mapped URL path [/index] onto handler 'BTController'
INFO Timer-1 org.springframework.web.servlet.mvc.annotation.DefaultAnnotationHandlerMapping -Mapped URL path [/index.*] onto handler 'BTController'
INFO Timer-1 org.springframework.web.servlet.mvc.annotation.DefaultAnnotationHandlerMapping -Mapped URL path [/index/] onto handler 'BTController'
INFO Timer-1 org.springframework.web.servlet.DispatcherServlet -FrameworkServlet 'dispatcher': initialization completed in 246 ms
INFO main org.springframework.web.context.ContextLoader -Root WebApplicationContext: initialization started
INFO main org.springframework.web.context.support.XmlWebApplicationContext -Refreshing Root WebApplicationContext: startup date [Thu Jun 22 11:40:09 CST 2017]; root of context hierarchy
INFO main org.springframework.beans.factory.xml.XmlBeanDefinitionReader -Loading XML bean definitions from file [/Users/fei/Documents/IDEAWorkspace/J2EE/BackendTemplate/target/classes/applicationContext.xml]
INFO main org.springframework.beans.factory.config.PropertyPlaceholderConfigurer -Loading properties file from class path resource [config.properties]
INFO main org.springframework.beans.factory.annotation.AutowiredAnnotationBeanPostProcessor -JSR-330 'javax.inject.Inject' annotation found and supported for autowiring
INFO main org.springframework.jdbc.datasource.DriverManagerDataSource -Loaded JDBC driver: com.mysql.jdbc.Driver
INFO main org.hibernate.annotations.common.Version -Hibernate Commons Annotations 3.2.0.Final
INFO main org.hibernate.cfg.Environment -Hibernate 3.6.0.Final
INFO main org.hibernate.cfg.Environment -hibernate.properties not found
INFO main org.hibernate.cfg.Environment -Bytecode provider name : javassist
INFO main org.hibernate.cfg.Environment -using JDK 1.4 java.sql.Timestamp handling
INFO main org.hibernate.cfg.Configuration -Hibernate Validator not found: ignoring
INFO main org.springframework.orm.hibernate3.annotation.AnnotationSessionFactoryBean -Building new Hibernate SessionFactory
INFO main org.hibernate.cfg.search.HibernateSearchEventListenerRegister -Unable to find org.hibernate.search.event.FullTextIndexEventListener on the classpath. Hibernate Search is not enabled.
INFO main org.hibernate.connection.ConnectionProviderFactory -Initializing connection provider: org.springframework.orm.hibernate3.LocalDataSourceConnectionProvider
INFO main org.hibernate.cfg.SettingsFactory -Database ->
       name : MySQL
    version : 5.7.18
      major : 5
      minor : 7
INFO main org.hibernate.cfg.SettingsFactory -Driver ->
       name : MySQL Connector Java
    version : mysql-connector-java-5.1.40 ( Revision: 402933ef52cad9aa82624e80acbea46e3a701ce6 )
      major : 5
      minor : 1
INFO main org.hibernate.dialect.Dialect -Using dialect: org.hibernate.dialect.MySQLDialect
INFO main org.hibernate.transaction.TransactionFactoryFactory -Transaction strategy: org.springframework.orm.hibernate3.SpringTransactionFactory
INFO main org.hibernate.transaction.TransactionManagerLookupFactory -No TransactionManagerLookup configured (in JTA environment, use of read-write or transactional second-level cache is not recommended)
INFO main org.hibernate.cfg.SettingsFactory -Automatic flush during beforeCompletion(): disabled
INFO main org.hibernate.cfg.SettingsFactory -Automatic session close at end of transaction: disabled
INFO main org.hibernate.cfg.SettingsFactory -JDBC batch size: 15
INFO main org.hibernate.cfg.SettingsFactory -JDBC batch updates for versioned data: disabled
INFO main org.hibernate.cfg.SettingsFactory -Scrollable result sets: enabled
INFO main org.hibernate.cfg.SettingsFactory -JDBC3 getGeneratedKeys(): enabled
INFO main org.hibernate.cfg.SettingsFactory -Connection release mode: auto
INFO main org.hibernate.cfg.SettingsFactory -Maximum outer join fetch depth: 2
INFO main org.hibernate.cfg.SettingsFactory -Default batch fetch size: 1
INFO main org.hibernate.cfg.SettingsFactory -Generate SQL with comments: disabled
INFO main org.hibernate.cfg.SettingsFactory -Order SQL updates by primary key: disabled
INFO main org.hibernate.cfg.SettingsFactory -Order SQL inserts for batching: disabled
INFO main org.hibernate.cfg.SettingsFactory -Query translator: org.hibernate.hql.ast.ASTQueryTranslatorFactory
INFO main org.hibernate.hql.ast.ASTQueryTranslatorFactory -Using ASTQueryTranslatorFactory
INFO main org.hibernate.cfg.SettingsFactory -Query language substitutions: {}
INFO main org.hibernate.cfg.SettingsFactory -JPA-QL strict compliance: disabled
INFO main org.hibernate.cfg.SettingsFactory -Second-level cache: enabled
INFO main org.hibernate.cfg.SettingsFactory -Query cache: disabled
INFO main org.hibernate.cfg.SettingsFactory -Cache region factory : org.hibernate.cache.impl.NoCachingRegionFactory
INFO main org.hibernate.cfg.SettingsFactory -Optimize cache for minimal puts: disabled
INFO main org.hibernate.cfg.SettingsFactory -Structured second-level cache entries: disabled
INFO main org.hibernate.cfg.SettingsFactory -Echoing all SQL to stdout
INFO main org.hibernate.cfg.SettingsFactory -Statistics: disabled
INFO main org.hibernate.cfg.SettingsFactory -Deleted entity synthetic identifier rollback: disabled
INFO main org.hibernate.cfg.SettingsFactory -Default entity-mode: pojo
INFO main org.hibernate.cfg.SettingsFactory -Named query checking : enabled
INFO main org.hibernate.cfg.SettingsFactory -Check Nullability in Core (should be disabled when Bean Validation is on): enabled
INFO main org.hibernate.impl.SessionFactoryImpl -building session factory
INFO main org.hibernate.impl.SessionFactoryObjectFactory -Not binding factory to JNDI, no JNDI name configured
INFO main org.springframework.orm.hibernate3.HibernateTransactionManager -Using DataSource [org.springframework.jdbc.datasource.DriverManagerDataSource@1e692555] of Hibernate SessionFactory for HibernateTransactionManager
INFO main org.springframework.ui.freemarker.SpringTemplateLoader -SpringTemplateLoader for FreeMarker: using resource loader [Root WebApplicationContext: startup date [Thu Jun 22 11:40:09 CST 2017]; root of context hierarchy] and template loader path [/src/main/webapp/jsp/]
INFO main org.springframework.web.servlet.view.freemarker.FreeMarkerConfigurer -ClassTemplateLoader for Spring macros added to FreeMarker configuration
INFO main org.springframework.web.context.ContextLoader -Root WebApplicationContext: initialization completed in 1028 ms
INFO main org.springframework.web.servlet.DispatcherServlet -FrameworkServlet 'dispatcher': initialization started
INFO main org.springframework.web.context.support.XmlWebApplicationContext -Refreshing WebApplicationContext for namespace 'dispatcher-servlet': startup date [Thu Jun 22 11:40:10 CST 2017]; parent: Root WebApplicationContext
INFO main org.springframework.beans.factory.xml.XmlBeanDefinitionReader -Loading XML bean definitions from class path resource [spring-servlet.xml]
INFO main org.springframework.beans.factory.annotation.AutowiredAnnotationBeanPostProcessor -JSR-330 'javax.inject.Inject' annotation found and supported for autowiring
INFO main org.springframework.web.servlet.view.freemarker.FreeMarkerConfigurer -ClassTemplateLoader for Spring macros added to FreeMarker configuration
INFO main org.springframework.web.servlet.mvc.annotation.DefaultAnnotationHandlerMapping -Mapped URL path [/index] onto handler 'BTController'
INFO main org.springframework.web.servlet.mvc.annotation.DefaultAnnotationHandlerMapping -Mapped URL path [/index.*] onto handler 'BTController'
INFO main org.springframework.web.servlet.mvc.annotation.DefaultAnnotationHandlerMapping -Mapped URL path [/index/] onto handler 'BTController'
INFO main org.springframework.web.servlet.DispatcherServlet -FrameworkServlet 'dispatcher': initialization completed in 319 ms
INFO main org.springframework.web.context.ContextLoader -Root WebApplicationContext: initialization started
INFO main org.springframework.web.context.support.XmlWebApplicationContext -Refreshing Root WebApplicationContext: startup date [Thu Jun 22 11:40:53 CST 2017]; root of context hierarchy
INFO main org.springframework.beans.factory.xml.XmlBeanDefinitionReader -Loading XML bean definitions from file [/Users/fei/Documents/IDEAWorkspace/J2EE/BackendTemplate/target/classes/applicationContext.xml]
INFO main org.springframework.beans.factory.config.PropertyPlaceholderConfigurer -Loading properties file from class path resource [config.properties]
INFO main org.springframework.beans.factory.annotation.AutowiredAnnotationBeanPostProcessor -JSR-330 'javax.inject.Inject' annotation found and supported for autowiring
INFO main org.springframework.jdbc.datasource.DriverManagerDataSource -Loaded JDBC driver: com.mysql.jdbc.Driver
INFO main org.hibernate.annotations.common.Version -Hibernate Commons Annotations 3.2.0.Final
INFO main org.hibernate.cfg.Environment -Hibernate 3.6.0.Final
INFO main org.hibernate.cfg.Environment -hibernate.properties not found
INFO main org.hibernate.cfg.Environment -Bytecode provider name : javassist
INFO main org.hibernate.cfg.Environment -using JDK 1.4 java.sql.Timestamp handling
INFO main org.hibernate.cfg.Configuration -Hibernate Validator not found: ignoring
INFO main org.springframework.orm.hibernate3.annotation.AnnotationSessionFactoryBean -Building new Hibernate SessionFactory
INFO main org.hibernate.cfg.search.HibernateSearchEventListenerRegister -Unable to find org.hibernate.search.event.FullTextIndexEventListener on the classpath. Hibernate Search is not enabled.
INFO main org.hibernate.connection.ConnectionProviderFactory -Initializing connection provider: org.springframework.orm.hibernate3.LocalDataSourceConnectionProvider
INFO main org.hibernate.cfg.SettingsFactory -Database ->
       name : MySQL
    version : 5.7.18
      major : 5
      minor : 7
INFO main org.hibernate.cfg.SettingsFactory -Driver ->
       name : MySQL Connector Java
    version : mysql-connector-java-5.1.40 ( Revision: 402933ef52cad9aa82624e80acbea46e3a701ce6 )
      major : 5
      minor : 1
INFO main org.hibernate.dialect.Dialect -Using dialect: org.hibernate.dialect.MySQLDialect
INFO main org.hibernate.transaction.TransactionFactoryFactory -Transaction strategy: org.springframework.orm.hibernate3.SpringTransactionFactory
INFO main org.hibernate.transaction.TransactionManagerLookupFactory -No TransactionManagerLookup configured (in JTA environment, use of read-write or transactional second-level cache is not recommended)
INFO main org.hibernate.cfg.SettingsFactory -Automatic flush during beforeCompletion(): disabled
INFO main org.hibernate.cfg.SettingsFactory -Automatic session close at end of transaction: disabled
INFO main org.hibernate.cfg.SettingsFactory -JDBC batch size: 15
INFO main org.hibernate.cfg.SettingsFactory -JDBC batch updates for versioned data: disabled
INFO main org.hibernate.cfg.SettingsFactory -Scrollable result sets: enabled
INFO main org.hibernate.cfg.SettingsFactory -JDBC3 getGeneratedKeys(): enabled
INFO main org.hibernate.cfg.SettingsFactory -Connection release mode: auto
INFO main org.hibernate.cfg.SettingsFactory -Maximum outer join fetch depth: 2
INFO main org.hibernate.cfg.SettingsFactory -Default batch fetch size: 1
INFO main org.hibernate.cfg.SettingsFactory -Generate SQL with comments: disabled
INFO main org.hibernate.cfg.SettingsFactory -Order SQL updates by primary key: disabled
INFO main org.hibernate.cfg.SettingsFactory -Order SQL inserts for batching: disabled
INFO main org.hibernate.cfg.SettingsFactory -Query translator: org.hibernate.hql.ast.ASTQueryTranslatorFactory
INFO main org.hibernate.hql.ast.ASTQueryTranslatorFactory -Using ASTQueryTranslatorFactory
INFO main org.hibernate.cfg.SettingsFactory -Query language substitutions: {}
INFO main org.hibernate.cfg.SettingsFactory -JPA-QL strict compliance: disabled
INFO main org.hibernate.cfg.SettingsFactory -Second-level cache: enabled
INFO main org.hibernate.cfg.SettingsFactory -Query cache: disabled
INFO main org.hibernate.cfg.SettingsFactory -Cache region factory : org.hibernate.cache.impl.NoCachingRegionFactory
INFO main org.hibernate.cfg.SettingsFactory -Optimize cache for minimal puts: disabled
INFO main org.hibernate.cfg.SettingsFactory -Structured second-level cache entries: disabled
INFO main org.hibernate.cfg.SettingsFactory -Echoing all SQL to stdout
INFO main org.hibernate.cfg.SettingsFactory -Statistics: disabled
INFO main org.hibernate.cfg.SettingsFactory -Deleted entity synthetic identifier rollback: disabled
INFO main org.hibernate.cfg.SettingsFactory -Default entity-mode: pojo
INFO main org.hibernate.cfg.SettingsFactory -Named query checking : enabled
INFO main org.hibernate.cfg.SettingsFactory -Check Nullability in Core (should be disabled when Bean Validation is on): enabled
INFO main org.hibernate.impl.SessionFactoryImpl -building session factory
INFO main org.hibernate.impl.SessionFactoryObjectFactory -Not binding factory to JNDI, no JNDI name configured
INFO main org.springframework.orm.hibernate3.HibernateTransactionManager -Using DataSource [org.springframework.jdbc.datasource.DriverManagerDataSource@1e692555] of Hibernate SessionFactory for HibernateTransactionManager
INFO main org.springframework.ui.freemarker.SpringTemplateLoader -SpringTemplateLoader for FreeMarker: using resource loader [Root WebApplicationContext: startup date [Thu Jun 22 11:40:53 CST 2017]; root of context hierarchy] and template loader path [/src/main/webapp/jsp/]
INFO main org.springframework.web.servlet.view.freemarker.FreeMarkerConfigurer -ClassTemplateLoader for Spring macros added to FreeMarker configuration
INFO main org.springframework.web.context.ContextLoader -Root WebApplicationContext: initialization completed in 1048 ms
INFO main org.springframework.web.servlet.DispatcherServlet -FrameworkServlet 'dispatcher': initialization started
INFO main org.springframework.web.context.support.XmlWebApplicationContext -Refreshing WebApplicationContext for namespace 'dispatcher-servlet': startup date [Thu Jun 22 11:40:54 CST 2017]; parent: Root WebApplicationContext
INFO main org.springframework.beans.factory.xml.XmlBeanDefinitionReader -Loading XML bean definitions from class path resource [spring-servlet.xml]
INFO main org.springframework.beans.factory.annotation.AutowiredAnnotationBeanPostProcessor -JSR-330 'javax.inject.Inject' annotation found and supported for autowiring
INFO main org.springframework.web.servlet.view.freemarker.FreeMarkerConfigurer -ClassTemplateLoader for Spring macros added to FreeMarker configuration
INFO main org.springframework.web.servlet.mvc.annotation.DefaultAnnotationHandlerMapping -Mapped URL path [/index] onto handler 'BTController'
INFO main org.springframework.web.servlet.mvc.annotation.DefaultAnnotationHandlerMapping -Mapped URL path [/index.*] onto handler 'BTController'
INFO main org.springframework.web.servlet.mvc.annotation.DefaultAnnotationHandlerMapping -Mapped URL path [/index/] onto handler 'BTController'
INFO main org.springframework.web.servlet.DispatcherServlet -FrameworkServlet 'dispatcher': initialization completed in 328 ms
